<?xml version="1.0" encoding="UTF-8"?>
<!-- Generated by org.testng.reporters.JUnitXMLReporter -->
<testsuite hostname="mac-pro85.local" name="Registration" tests="6" failures="0" timestamp="20 Oct 2013 12:38:36 GMT" time="0.024" errors="0">
  <testcase name="anotherTest" time="0.007" classname="com.jenkins.test.UserDelegateTest"/>
  <testcase name="saveUserAddressTest" time="0.001" classname="com.jenkins.test.UserDelegateTest"/>
  <testcase name="saveUserCountry" time="0.0" classname="com.jenkins.test.UserDelegateTest"/>
  <testcase name="saveUserEmailID" time="0.001" classname="com.jenkins.test.UserDelegateTest"/>
  <testcase name="saveUserNameTest" time="0.0" classname="com.jenkins.test.UserDelegateTest"/>
  <testcase name="saveUserPhoneNoTest" time="0.001" classname="com.jenkins.test.UserDelegateTest"/>
</testsuite> <!-- Registration -->
