<?xml version="1.0" encoding="UTF-8"?>
<!-- Generated by org.testng.reporters.JUnitXMLReporter -->
<testsuite hostname="mac-pro85.local" name="SeleniumTests" tests="3" failures="1" timestamp="20 Oct 2013 12:38:49 GMT" time="12.533" errors="0">
  <testcase name="fillForm" time="0.249" classname="com.jenkins.guiTest.Index"/>
  <testcase name="selectCountry" time="0.014" classname="com.jenkins.guiTest.Index">
    <failure type="org.openqa.selenium.support.ui.UnexpectedTagNameException" message="Element should have been &amp;quot;select&amp;quot; but was &amp;quot;option&amp;quot;
Build info: version: &amp;apos;2.33.0&amp;apos;, revision: &amp;apos;4e90c97&amp;apos;, time: &amp;apos;2013-05-22 15:33:32&amp;apos;
System info: os.name: &amp;apos;Mac OS X&amp;apos;, os.arch: &amp;apos;x86_64&amp;apos;, os.version: &amp;apos;10.8.5&amp;apos;, java.version: &amp;apos;1.7.0_25&amp;apos;
Driver info: driver.version: unknown">
      <![CDATA[org.openqa.selenium.support.ui.UnexpectedTagNameException: Element should have been "select" but was "option"
Build info: version: '2.33.0', revision: '4e90c97', time: '2013-05-22 15:33:32'
System info: os.name: 'Mac OS X', os.arch: 'x86_64', os.version: '10.8.5', java.version: '1.7.0_25'
Driver info: driver.version: unknown
	at org.openqa.selenium.support.ui.Select.<init>(Select.java:46)
	at com.jenkins.guiTest.Index.selectCountry(Index.java:38)
... Removed 23 stack frames]]>
    </failure>
  </testcase> <!-- selectCountry -->
  <testcase name="submitForm" time="0.087" classname="com.jenkins.guiTest.Index"/>
</testsuite> <!-- SeleniumTests -->
