<?xml version="1.0" encoding="UTF-8"?>
<testng-results skipped="0" failed="1" total="9" passed="8">
  <reporter-output>
  </reporter-output>
  <suite name="JenkinsDemo" duration-ms="12579" started-at="2013-10-20T12:38:36Z" finished-at="2013-10-20T12:38:49Z">
    <groups>
    </groups>
    <test name="Registration" duration-ms="24" started-at="2013-10-20T12:38:36Z" finished-at="2013-10-20T12:38:36Z">
      <class name="com.jenkins.test.UserDelegateTest">
        <test-method status="PASS" signature="anotherTest()[pri:0, instance:com.jenkins.test.UserDelegateTest@1e397bcb]" name="anotherTest" duration-ms="7" started-at="2013-10-20T18:08:36Z" finished-at="2013-10-20T18:08:36Z">
          <reporter-output>
          </reporter-output>
        </test-method> <!-- anotherTest -->
        <test-method status="PASS" signature="saveUserAddressTest()[pri:0, instance:com.jenkins.test.UserDelegateTest@1e397bcb]" name="saveUserAddressTest" duration-ms="1" started-at="2013-10-20T18:08:36Z" finished-at="2013-10-20T18:08:36Z">
          <reporter-output>
          </reporter-output>
        </test-method> <!-- saveUserAddressTest -->
        <test-method status="PASS" signature="saveUserCountry()[pri:0, instance:com.jenkins.test.UserDelegateTest@1e397bcb]" name="saveUserCountry" duration-ms="0" started-at="2013-10-20T18:08:36Z" finished-at="2013-10-20T18:08:36Z">
          <reporter-output>
          </reporter-output>
        </test-method> <!-- saveUserCountry -->
        <test-method status="PASS" signature="saveUserEmailID()[pri:0, instance:com.jenkins.test.UserDelegateTest@1e397bcb]" name="saveUserEmailID" duration-ms="1" started-at="2013-10-20T18:08:36Z" finished-at="2013-10-20T18:08:36Z">
          <reporter-output>
          </reporter-output>
        </test-method> <!-- saveUserEmailID -->
        <test-method status="PASS" signature="saveUserNameTest()[pri:0, instance:com.jenkins.test.UserDelegateTest@1e397bcb]" name="saveUserNameTest" duration-ms="0" started-at="2013-10-20T18:08:36Z" finished-at="2013-10-20T18:08:36Z">
          <reporter-output>
          </reporter-output>
        </test-method> <!-- saveUserNameTest -->
        <test-method status="PASS" signature="saveUserPhoneNoTest()[pri:0, instance:com.jenkins.test.UserDelegateTest@1e397bcb]" name="saveUserPhoneNoTest" duration-ms="1" started-at="2013-10-20T18:08:36Z" finished-at="2013-10-20T18:08:36Z">
          <reporter-output>
          </reporter-output>
        </test-method> <!-- saveUserPhoneNoTest -->
      </class> <!-- com.jenkins.test.UserDelegateTest -->
    </test> <!-- Registration -->
    <test name="SeleniumTests" duration-ms="12533" started-at="2013-10-20T12:38:36Z" finished-at="2013-10-20T12:38:49Z">
      <class name="com.jenkins.guiTest.Index">
        <test-method status="PASS" signature="init()[pri:0, instance:com.jenkins.guiTest.Index@61675e00]" name="init" is-config="true" duration-ms="2102" started-at="2013-10-20T18:08:36Z" finished-at="2013-10-20T18:08:38Z">
          <reporter-output>
          </reporter-output>
        </test-method> <!-- init -->
        <test-method status="PASS" signature="fillForm()[pri:0, instance:com.jenkins.guiTest.Index@61675e00]" name="fillForm" duration-ms="249" started-at="2013-10-20T18:08:38Z" finished-at="2013-10-20T18:08:39Z">
          <reporter-output>
          </reporter-output>
        </test-method> <!-- fillForm -->
        <test-method status="FAIL" signature="selectCountry()[pri:0, instance:com.jenkins.guiTest.Index@61675e00]" name="selectCountry" duration-ms="14" started-at="2013-10-20T18:08:39Z" finished-at="2013-10-20T18:08:39Z">
          <exception class="org.openqa.selenium.support.ui.UnexpectedTagNameException">
            <message>
              <![CDATA[Element should have been "select" but was "option"
Build info: version: '2.33.0', revision: '4e90c97', time: '2013-05-22 15:33:32'
System info: os.name: 'Mac OS X', os.arch: 'x86_64', os.version: '10.8.5', java.version: '1.7.0_25'
Driver info: driver.version: unknown]]>
            </message>
            <full-stacktrace>
              <![CDATA[org.openqa.selenium.support.ui.UnexpectedTagNameException: Element should have been "select" but was "option"
Build info: version: '2.33.0', revision: '4e90c97', time: '2013-05-22 15:33:32'
System info: os.name: 'Mac OS X', os.arch: 'x86_64', os.version: '10.8.5', java.version: '1.7.0_25'
Driver info: driver.version: unknown
	at org.openqa.selenium.support.ui.Select.<init>(Select.java:46)
	at com.jenkins.guiTest.Index.selectCountry(Index.java:38)
	at sun.reflect.NativeMethodAccessorImpl.invoke0(Native Method)
	at sun.reflect.NativeMethodAccessorImpl.invoke(NativeMethodAccessorImpl.java:57)
	at sun.reflect.DelegatingMethodAccessorImpl.invoke(DelegatingMethodAccessorImpl.java:43)
	at java.lang.reflect.Method.invoke(Method.java:606)
	at org.testng.internal.MethodInvocationHelper.invokeMethod(MethodInvocationHelper.java:80)
	at org.testng.internal.Invoker.invokeMethod(Invoker.java:714)
	at org.testng.internal.Invoker.invokeTestMethod(Invoker.java:901)
	at org.testng.internal.Invoker.invokeTestMethods(Invoker.java:1231)
	at org.testng.internal.TestMethodWorker.invokeTestMethods(TestMethodWorker.java:127)
	at org.testng.internal.TestMethodWorker.run(TestMethodWorker.java:111)
	at org.testng.TestRunner.privateRun(TestRunner.java:767)
	at org.testng.TestRunner.run(TestRunner.java:617)
	at org.testng.SuiteRunner.runTest(SuiteRunner.java:334)
	at org.testng.SuiteRunner.runSequentially(SuiteRunner.java:329)
	at org.testng.SuiteRunner.privateRun(SuiteRunner.java:291)
	at org.testng.SuiteRunner.run(SuiteRunner.java:240)
	at org.testng.SuiteRunnerWorker.runSuite(SuiteRunnerWorker.java:52)
	at org.testng.SuiteRunnerWorker.run(SuiteRunnerWorker.java:86)
	at org.testng.TestNG.runSuitesSequentially(TestNG.java:1198)
	at org.testng.TestNG.runSuitesLocally(TestNG.java:1123)
	at org.testng.TestNG.run(TestNG.java:1031)
	at org.testng.TestNG.privateMain(TestNG.java:1338)
	at org.testng.TestNG.main(TestNG.java:1307)
]]>
            </full-stacktrace>
          </exception> <!-- org.openqa.selenium.support.ui.UnexpectedTagNameException -->
          <reporter-output>
          </reporter-output>
        </test-method> <!-- selectCountry -->
        <test-method status="PASS" signature="submitForm()[pri:0, instance:com.jenkins.guiTest.Index@61675e00]" name="submitForm" duration-ms="87" started-at="2013-10-20T18:08:39Z" finished-at="2013-10-20T18:08:39Z">
          <reporter-output>
          </reporter-output>
        </test-method> <!-- submitForm -->
        <test-method status="PASS" signature="exit()[pri:0, instance:com.jenkins.guiTest.Index@61675e00]" name="exit" is-config="true" duration-ms="10077" started-at="2013-10-20T18:08:39Z" finished-at="2013-10-20T18:08:49Z">
          <reporter-output>
          </reporter-output>
        </test-method> <!-- exit -->
      </class> <!-- com.jenkins.guiTest.Index -->
    </test> <!-- SeleniumTests -->
  </suite> <!-- JenkinsDemo -->
</testng-results>
