<?xml version="1.0" encoding="UTF-8"?>
<testng-results skipped="0" failed="0" total="2" passed="2">
  <reporter-output>
  </reporter-output>
  <suite name="Default suite" duration-ms="50" started-at="2013-09-28T07:40:14Z" finished-at="2013-09-28T07:40:14Z">
    <groups>
    </groups>
    <test name="Default test" duration-ms="50" started-at="2013-09-28T07:40:14Z" finished-at="2013-09-28T07:40:14Z">
      <class name="com.jenkins.test.SaveDelegateTest">
        <test-method status="PASS" signature="anotherTest()[pri:0, instance:com.jenkins.test.SaveDelegateTest@1505bd58]" name="anotherTest" duration-ms="23" started-at="2013-09-28T13:10:14Z" finished-at="2013-09-28T13:10:14Z">
          <reporter-output>
          </reporter-output>
        </test-method> <!-- anotherTest -->
        <test-method status="PASS" signature="saveUsersTest()[pri:0, instance:com.jenkins.test.SaveDelegateTest@1505bd58]" name="saveUsersTest" duration-ms="2" started-at="2013-09-28T13:10:14Z" finished-at="2013-09-28T13:10:14Z">
          <reporter-output>
          </reporter-output>
        </test-method> <!-- saveUsersTest -->
      </class> <!-- com.jenkins.test.SaveDelegateTest -->
    </test> <!-- Default test -->
  </suite> <!-- Default suite -->
</testng-results>
